<?xml version="1.0" encoding="UTF-8"?>
<testsuite xmlns:xsi="http://www.w3.org/2001/XMLSchema-instance" xsi:noNamespaceSchemaLocation="https://maven.apache.org/surefire/maven-surefire-plugin/xsd/surefire-test-report.xsd" name="com.rapid7.example.pact.TestAnimalClient" time="2.983" tests="1" errors="0" skipped="0" failures="0">
  <properties>
    <property name="gopherProxySet" value="false"/>
    <property name="awt.toolkit" value="sun.lwawt.macosx.LWCToolkit"/>
    <property name="file.encoding.pkg" value="sun.io"/>
    <property name="java.specification.version" value="1.8"/>
    <property name="sun.cpu.isalist" value=""/>
    <property name="sun.jnu.encoding" value="UTF-8"/>
    <property name="java.class.path" value="/Users/gmcdowell/sandbox/pact-example/Consumer_Contracts/Client/target/test-classes:/Users/gmcdowell/sandbox/pact-example/Consumer_Contracts/Client/target/classes:/Users/gmcdowell/.m2/repository/org/springframework/boot/spring-boot-starter-web/2.0.0.RELEASE/spring-boot-starter-web-2.0.0.RELEASE.jar:/Users/gmcdowell/.m2/repository/org/springframework/boot/spring-boot-starter/2.0.0.RELEASE/spring-boot-starter-2.0.0.RELEASE.jar:/Users/gmcdowell/.m2/repository/org/springframework/boot/spring-boot/2.0.0.RELEASE/spring-boot-2.0.0.RELEASE.jar:/Users/gmcdowell/.m2/repository/org/springframework/boot/spring-boot-autoconfigure/2.0.0.RELEASE/spring-boot-autoconfigure-2.0.0.RELEASE.jar:/Users/gmcdowell/.m2/repository/org/springframework/boot/spring-boot-starter-logging/2.0.0.RELEASE/spring-boot-starter-logging-2.0.0.RELEASE.jar:/Users/gmcdowell/.m2/repository/ch/qos/logback/logback-classic/1.2.3/logback-classic-1.2.3.jar:/Users/gmcdowell/.m2/repository/ch/qos/logback/logback-core/1.2.3/logback-core-1.2.3.jar:/Users/gmcdowell/.m2/repository/org/apache/logging/log4j/log4j-to-slf4j/2.10.0/log4j-to-slf4j-2.10.0.jar:/Users/gmcdowell/.m2/repository/org/apache/logging/log4j/log4j-api/2.10.0/log4j-api-2.10.0.jar:/Users/gmcdowell/.m2/repository/org/slf4j/jul-to-slf4j/1.7.25/jul-to-slf4j-1.7.25.jar:/Users/gmcdowell/.m2/repository/org/yaml/snakeyaml/1.19/snakeyaml-1.19.jar:/Users/gmcdowell/.m2/repository/org/springframework/boot/spring-boot-starter-json/2.0.0.RELEASE/spring-boot-starter-json-2.0.0.RELEASE.jar:/Users/gmcdowell/.m2/repository/com/fasterxml/jackson/core/jackson-databind/2.9.4/jackson-databind-2.9.4.jar:/Users/gmcdowell/.m2/repository/com/fasterxml/jackson/core/jackson-annotations/2.9.0/jackson-annotations-2.9.0.jar:/Users/gmcdowell/.m2/repository/com/fasterxml/jackson/core/jackson-core/2.9.4/jackson-core-2.9.4.jar:/Users/gmcdowell/.m2/repository/com/fasterxml/jackson/datatype/jackson-datatype-jdk8/2.9.4/jackson-datatype-jdk8-2.9.4.jar:/Users/gmcdowell/.m2/repository/com/fasterxml/jackson/datatype/jackson-datatype-jsr310/2.9.4/jackson-datatype-jsr310-2.9.4.jar:/Users/gmcdowell/.m2/repository/com/fasterxml/jackson/module/jackson-module-parameter-names/2.9.4/jackson-module-parameter-names-2.9.4.jar:/Users/gmcdowell/.m2/repository/org/hibernate/validator/hibernate-validator/6.0.7.Final/hibernate-validator-6.0.7.Final.jar:/Users/gmcdowell/.m2/repository/javax/validation/validation-api/2.0.1.Final/validation-api-2.0.1.Final.jar:/Users/gmcdowell/.m2/repository/org/jboss/logging/jboss-logging/3.3.2.Final/jboss-logging-3.3.2.Final.jar:/Users/gmcdowell/.m2/repository/com/fasterxml/classmate/1.3.4/classmate-1.3.4.jar:/Users/gmcdowell/.m2/repository/org/springframework/spring-web/5.0.4.RELEASE/spring-web-5.0.4.RELEASE.jar:/Users/gmcdowell/.m2/repository/org/springframework/spring-beans/5.0.4.RELEASE/spring-beans-5.0.4.RELEASE.jar:/Users/gmcdowell/.m2/repository/org/springframework/spring-webmvc/5.0.4.RELEASE/spring-webmvc-5.0.4.RELEASE.jar:/Users/gmcdowell/.m2/repository/org/springframework/spring-aop/5.0.4.RELEASE/spring-aop-5.0.4.RELEASE.jar:/Users/gmcdowell/.m2/repository/org/springframework/spring-context/5.0.4.RELEASE/spring-context-5.0.4.RELEASE.jar:/Users/gmcdowell/.m2/repository/org/springframework/spring-expression/5.0.4.RELEASE/spring-expression-5.0.4.RELEASE.jar:/Users/gmcdowell/.m2/repository/org/springframework/boot/spring-boot-starter-tomcat/2.0.0.RELEASE/spring-boot-starter-tomcat-2.0.0.RELEASE.jar:/Users/gmcdowell/.m2/repository/javax/annotation/javax.annotation-api/1.3.2/javax.annotation-api-1.3.2.jar:/Users/gmcdowell/.m2/repository/org/apache/tomcat/embed/tomcat-embed-core/8.5.28/tomcat-embed-core-8.5.28.jar:/Users/gmcdowell/.m2/repository/org/apache/tomcat/embed/tomcat-embed-el/8.5.28/tomcat-embed-el-8.5.28.jar:/Users/gmcdowell/.m2/repository/org/apache/tomcat/embed/tomcat-embed-websocket/8.5.28/tomcat-embed-websocket-8.5.28.jar:/Users/gmcdowell/.m2/repository/org/springframework/boot/spring-boot-starter-test/2.0.0.RELEASE/spring-boot-starter-test-2.0.0.RELEASE.jar:/Users/gmcdowell/.m2/repository/org/springframework/boot/spring-boot-test/2.0.0.RELEASE/spring-boot-test-2.0.0.RELEASE.jar:/Users/gmcdowell/.m2/repository/org/springframework/boot/spring-boot-test-autoconfigure/2.0.0.RELEASE/spring-boot-test-autoconfigure-2.0.0.RELEASE.jar:/Users/gmcdowell/.m2/repository/com/jayway/jsonpath/json-path/2.4.0/json-path-2.4.0.jar:/Users/gmcdowell/.m2/repository/net/minidev/json-smart/2.3/json-smart-2.3.jar:/Users/gmcdowell/.m2/repository/net/minidev/accessors-smart/1.2/accessors-smart-1.2.jar:/Users/gmcdowell/.m2/repository/org/ow2/asm/asm/5.0.4/asm-5.0.4.jar:/Users/gmcdowell/.m2/repository/junit/junit/4.12/junit-4.12.jar:/Users/gmcdowell/.m2/repository/org/assertj/assertj-core/3.9.1/assertj-core-3.9.1.jar:/Users/gmcdowell/.m2/repository/org/mockito/mockito-core/2.15.0/mockito-core-2.15.0.jar:/Users/gmcdowell/.m2/repository/net/bytebuddy/byte-buddy/1.7.10/byte-buddy-1.7.10.jar:/Users/gmcdowell/.m2/repository/net/bytebuddy/byte-buddy-agent/1.7.10/byte-buddy-agent-1.7.10.jar:/Users/gmcdowell/.m2/repository/org/objenesis/objenesis/2.6/objenesis-2.6.jar:/Users/gmcdowell/.m2/repository/org/hamcrest/hamcrest-core/1.3/hamcrest-core-1.3.jar:/Users/gmcdowell/.m2/repository/org/hamcrest/hamcrest-library/1.3/hamcrest-library-1.3.jar:/Users/gmcdowell/.m2/repository/org/skyscreamer/jsonassert/1.5.0/jsonassert-1.5.0.jar:/Users/gmcdowell/.m2/repository/com/vaadin/external/google/android-json/0.0.20131108.vaadin1/android-json-0.0.20131108.vaadin1.jar:/Users/gmcdowell/.m2/repository/org/springframework/spring-core/5.0.4.RELEASE/spring-core-5.0.4.RELEASE.jar:/Users/gmcdowell/.m2/repository/org/springframework/spring-jcl/5.0.4.RELEASE/spring-jcl-5.0.4.RELEASE.jar:/Users/gmcdowell/.m2/repository/org/springframework/spring-test/5.0.4.RELEASE/spring-test-5.0.4.RELEASE.jar:/Users/gmcdowell/.m2/repository/org/xmlunit/xmlunit-core/2.5.1/xmlunit-core-2.5.1.jar:/Users/gmcdowell/.m2/repository/org/projectlombok/lombok/1.16.20/lombok-1.16.20.jar:/Users/gmcdowell/.m2/repository/com/google/guava/guava/23.0/guava-23.0.jar:/Users/gmcdowell/.m2/repository/com/google/code/findbugs/jsr305/1.3.9/jsr305-1.3.9.jar:/Users/gmcdowell/.m2/repository/com/google/errorprone/error_prone_annotations/2.0.18/error_prone_annotations-2.0.18.jar:/Users/gmcdowell/.m2/repository/com/google/j2objc/j2objc-annotations/1.1/j2objc-annotations-1.1.jar:/Users/gmcdowell/.m2/repository/org/codehaus/mojo/animal-sniffer-annotations/1.14/animal-sniffer-annotations-1.14.jar:/Users/gmcdowell/.m2/repository/au/com/dius/pact-jvm-consumer-junit_2.11/3.5.0/pact-jvm-consumer-junit_2.11-3.5.0.jar:/Users/gmcdowell/.m2/repository/org/jetbrains/kotlin/kotlin-stdlib-jre8/1.2.21/kotlin-stdlib-jre8-1.2.21.jar:/Users/gmcdowell/.m2/repository/org/jetbrains/kotlin/kotlin-stdlib/1.2.21/kotlin-stdlib-1.2.21.jar:/Users/gmcdowell/.m2/repository/org/jetbrains/annotations/13.0/annotations-13.0.jar:/Users/gmcdowell/.m2/repository/org/jetbrains/kotlin/kotlin-stdlib-jre7/1.2.21/kotlin-stdlib-jre7-1.2.21.jar:/Users/gmcdowell/.m2/repository/org/jetbrains/kotlin/kotlin-reflect/1.2.21/kotlin-reflect-1.2.21.jar:/Users/gmcdowell/.m2/repository/org/slf4j/slf4j-api/1.7.25/slf4j-api-1.7.25.jar:/Users/gmcdowell/.m2/repository/org/codehaus/groovy/groovy-all/2.4.10/groovy-all-2.4.10-indy.jar:/Users/gmcdowell/.m2/repository/io/github/microutils/kotlin-logging/1.4.4/kotlin-logging-1.4.4.jar:/Users/gmcdowell/.m2/repository/org/scala-lang/scala-library/2.11.8/scala-library-2.11.8.jar:/Users/gmcdowell/.m2/repository/org/scala-lang/scala-compiler/2.11.8/scala-compiler-2.11.8.jar:/Users/gmcdowell/.m2/repository/org/scala-lang/scala-reflect/2.11.8/scala-reflect-2.11.8.jar:/Users/gmcdowell/.m2/repository/org/scala-lang/modules/scala-xml_2.11/1.0.4/scala-xml_2.11-1.0.4.jar:/Users/gmcdowell/.m2/repository/org/scala-lang/modules/scala-parser-combinators_2.11/1.0.4/scala-parser-combinators_2.11-1.0.4.jar:/Users/gmcdowell/.m2/repository/com/typesafe/scala-logging/scala-logging_2.11/3.4.0/scala-logging_2.11-3.4.0.jar:/Users/gmcdowell/.m2/repository/au/com/dius/pact-jvm-consumer_2.11/3.5.0/pact-jvm-consumer_2.11-3.5.0.jar:/Users/gmcdowell/.m2/repository/au/com/dius/pact-jvm-model/3.5.0/pact-jvm-model-3.5.0.jar:/Users/gmcdowell/.m2/repository/io/netty/netty-handler/4.1.22.Final/netty-handler-4.1.22.Final.jar:/Users/gmcdowell/.m2/repository/io/netty/netty-buffer/4.1.22.Final/netty-buffer-4.1.22.Final.jar:/Users/gmcdowell/.m2/repository/io/netty/netty-common/4.1.22.Final/netty-common-4.1.22.Final.jar:/Users/gmcdowell/.m2/repository/io/netty/netty-transport/4.1.22.Final/netty-transport-4.1.22.Final.jar:/Users/gmcdowell/.m2/repository/io/netty/netty-resolver/4.1.22.Final/netty-resolver-4.1.22.Final.jar:/Users/gmcdowell/.m2/repository/io/netty/netty-codec/4.1.22.Final/netty-codec-4.1.22.Final.jar:/Users/gmcdowell/.m2/repository/com/github/zafarkhaja/java-semver/0.9.0/java-semver-0.9.0.jar:/Users/gmcdowell/.m2/repository/org/codehaus/groovy/modules/http-builder/http-builder/0.7.1/http-builder-0.7.1.jar:/Users/gmcdowell/.m2/repository/net/sf/json-lib/json-lib/2.3/json-lib-2.3-jdk15.jar:/Users/gmcdowell/.m2/repository/commons-beanutils/commons-beanutils/1.8.0/commons-beanutils-1.8.0.jar:/Users/gmcdowell/.m2/repository/commons-collections/commons-collections/3.2.1/commons-collections-3.2.1.jar:/Users/gmcdowell/.m2/repository/commons-lang/commons-lang/2.4/commons-lang-2.4.jar:/Users/gmcdowell/.m2/repository/net/sf/ezmorph/ezmorph/1.0.6/ezmorph-1.0.6.jar:/Users/gmcdowell/.m2/repository/net/sourceforge/nekohtml/nekohtml/1.9.22/nekohtml-1.9.22.jar:/Users/gmcdowell/.m2/repository/xerces/xercesImpl/2.11.0/xercesImpl-2.11.0.jar:/Users/gmcdowell/.m2/repository/xml-apis/xml-apis/1.4.01/xml-apis-1.4.01.jar:/Users/gmcdowell/.m2/repository/xml-resolver/xml-resolver/1.2/xml-resolver-1.2.jar:/Users/gmcdowell/.m2/repository/com/amazonaws/aws-java-sdk-s3/1.11.30/aws-java-sdk-s3-1.11.30.jar:/Users/gmcdowell/.m2/repository/com/amazonaws/aws-java-sdk-kms/1.11.30/aws-java-sdk-kms-1.11.30.jar:/Users/gmcdowell/.m2/repository/com/amazonaws/aws-java-sdk-core/1.11.30/aws-java-sdk-core-1.11.30.jar:/Users/gmcdowell/.m2/repository/com/fasterxml/jackson/dataformat/jackson-dataformat-cbor/2.9.4/jackson-dataformat-cbor-2.9.4.jar:/Users/gmcdowell/.m2/repository/joda-time/joda-time/2.9.9/joda-time-2.9.9.jar:/Users/gmcdowell/.m2/repository/com/amazonaws/jmespath-java/1.0/jmespath-java-1.0.jar:/Users/gmcdowell/.m2/repository/com/google/code/gson/gson/2.8.2/gson-2.8.2.jar:/Users/gmcdowell/.m2/repository/org/apache/commons/commons-collections4/4.1/commons-collections4-4.1.jar:/Users/gmcdowell/.m2/repository/com/github/mifmif/generex/1.0.1/generex-1.0.1.jar:/Users/gmcdowell/.m2/repository/au/com/dius/pact-jvm-matchers_2.11/3.5.0/pact-jvm-matchers_2.11-3.5.0.jar:/Users/gmcdowell/.m2/repository/io/gatling/jsonpath_2.11/0.6.4/jsonpath_2.11-0.6.4.jar:/Users/gmcdowell/.m2/repository/com/googlecode/java-diff-utils/diffutils/1.3.0/diffutils-1.3.0.jar:/Users/gmcdowell/.m2/repository/dk/brics/automaton/automaton/1.11-8/automaton-1.11-8.jar:/Users/gmcdowell/.m2/repository/org/apache/httpcomponents/httpclient/4.5.5/httpclient-4.5.5.jar:/Users/gmcdowell/.m2/repository/org/apache/httpcomponents/httpcore/4.4.9/httpcore-4.4.9.jar:/Users/gmcdowell/.m2/repository/commons-codec/commons-codec/1.11/commons-codec-1.11.jar:/Users/gmcdowell/.m2/repository/net/databinder/unfiltered-netty-server_2.11/0.8.4/unfiltered-netty-server_2.11-0.8.4.jar:/Users/gmcdowell/.m2/repository/net/databinder/unfiltered-netty_2.11/0.8.4/unfiltered-netty_2.11-0.8.4.jar:/Users/gmcdowell/.m2/repository/net/databinder/unfiltered_2.11/0.8.4/unfiltered_2.11-0.8.4.jar:/Users/gmcdowell/.m2/repository/io/netty/netty-codec-http/4.1.22.Final/netty-codec-http-4.1.22.Final.jar:/Users/gmcdowell/.m2/repository/net/databinder/unfiltered-util_2.11/0.8.4/unfiltered-util_2.11-0.8.4.jar:/Users/gmcdowell/.m2/repository/net/databinder/dispatch/dispatch-core_2.11/0.11.3/dispatch-core_2.11-0.11.3.jar:/Users/gmcdowell/.m2/repository/com/ning/async-http-client/1.9.11/async-http-client-1.9.11.jar:/Users/gmcdowell/.m2/repository/io/netty/netty/3.10.0.Final/netty-3.10.0.Final.jar:/Users/gmcdowell/.m2/repository/org/apache/httpcomponents/fluent-hc/4.5.5/fluent-hc-4.5.5.jar:/Users/gmcdowell/.m2/repository/commons-logging/commons-logging/1.2/commons-logging-1.2.jar:/Users/gmcdowell/.m2/repository/org/json/json/20160212/json-20160212.jar:/Users/gmcdowell/.m2/repository/org/apache/commons/commons-lang3/3.7/commons-lang3-3.7.jar:"/>
    <property name="java.vm.vendor" value="Oracle Corporation"/>
    <property name="sun.arch.data.model" value="64"/>
    <property name="java.vendor.url" value="http://java.oracle.com/"/>
    <property name="user.timezone" value=""/>
    <property name="java.vm.specification.version" value="1.8"/>
    <property name="os.name" value="Mac OS X"/>
    <property name="user.country" value="GB"/>
    <property name="sun.java.launcher" value="SUN_STANDARD"/>
    <property name="sun.boot.library.path" value="/Library/Java/JavaVirtualMachines/jdk1.8.0_152.jdk/Contents/Home/jre/lib"/>
    <property name="sun.java.command" value="/Users/gmcdowell/sandbox/pact-example/Consumer_Contracts/Client/target/surefire/surefirebooter1527652907381298920.jar /Users/gmcdowell/sandbox/pact-example/Consumer_Contracts/Client/target/surefire 2018-03-13T11-21-49_815-jvmRun1 surefire3634877465832145861tmp surefire_0219361663772693410tmp"/>
    <property name="http.nonProxyHosts" value="local|*.local|169.254/16|*.169.254/16"/>
    <property name="surefire.test.class.path" value="/Users/gmcdowell/sandbox/pact-example/Consumer_Contracts/Client/target/test-classes:/Users/gmcdowell/sandbox/pact-example/Consumer_Contracts/Client/target/classes:/Users/gmcdowell/.m2/repository/org/springframework/boot/spring-boot-starter-web/2.0.0.RELEASE/spring-boot-starter-web-2.0.0.RELEASE.jar:/Users/gmcdowell/.m2/repository/org/springframework/boot/spring-boot-starter/2.0.0.RELEASE/spring-boot-starter-2.0.0.RELEASE.jar:/Users/gmcdowell/.m2/repository/org/springframework/boot/spring-boot/2.0.0.RELEASE/spring-boot-2.0.0.RELEASE.jar:/Users/gmcdowell/.m2/repository/org/springframework/boot/spring-boot-autoconfigure/2.0.0.RELEASE/spring-boot-autoconfigure-2.0.0.RELEASE.jar:/Users/gmcdowell/.m2/repository/org/springframework/boot/spring-boot-starter-logging/2.0.0.RELEASE/spring-boot-starter-logging-2.0.0.RELEASE.jar:/Users/gmcdowell/.m2/repository/ch/qos/logback/logback-classic/1.2.3/logback-classic-1.2.3.jar:/Users/gmcdowell/.m2/repository/ch/qos/logback/logback-core/1.2.3/logback-core-1.2.3.jar:/Users/gmcdowell/.m2/repository/org/apache/logging/log4j/log4j-to-slf4j/2.10.0/log4j-to-slf4j-2.10.0.jar:/Users/gmcdowell/.m2/repository/org/apache/logging/log4j/log4j-api/2.10.0/log4j-api-2.10.0.jar:/Users/gmcdowell/.m2/repository/org/slf4j/jul-to-slf4j/1.7.25/jul-to-slf4j-1.7.25.jar:/Users/gmcdowell/.m2/repository/org/yaml/snakeyaml/1.19/snakeyaml-1.19.jar:/Users/gmcdowell/.m2/repository/org/springframework/boot/spring-boot-starter-json/2.0.0.RELEASE/spring-boot-starter-json-2.0.0.RELEASE.jar:/Users/gmcdowell/.m2/repository/com/fasterxml/jackson/core/jackson-databind/2.9.4/jackson-databind-2.9.4.jar:/Users/gmcdowell/.m2/repository/com/fasterxml/jackson/core/jackson-annotations/2.9.0/jackson-annotations-2.9.0.jar:/Users/gmcdowell/.m2/repository/com/fasterxml/jackson/core/jackson-core/2.9.4/jackson-core-2.9.4.jar:/Users/gmcdowell/.m2/repository/com/fasterxml/jackson/datatype/jackson-datatype-jdk8/2.9.4/jackson-datatype-jdk8-2.9.4.jar:/Users/gmcdowell/.m2/repository/com/fasterxml/jackson/datatype/jackson-datatype-jsr310/2.9.4/jackson-datatype-jsr310-2.9.4.jar:/Users/gmcdowell/.m2/repository/com/fasterxml/jackson/module/jackson-module-parameter-names/2.9.4/jackson-module-parameter-names-2.9.4.jar:/Users/gmcdowell/.m2/repository/org/hibernate/validator/hibernate-validator/6.0.7.Final/hibernate-validator-6.0.7.Final.jar:/Users/gmcdowell/.m2/repository/javax/validation/validation-api/2.0.1.Final/validation-api-2.0.1.Final.jar:/Users/gmcdowell/.m2/repository/org/jboss/logging/jboss-logging/3.3.2.Final/jboss-logging-3.3.2.Final.jar:/Users/gmcdowell/.m2/repository/com/fasterxml/classmate/1.3.4/classmate-1.3.4.jar:/Users/gmcdowell/.m2/repository/org/springframework/spring-web/5.0.4.RELEASE/spring-web-5.0.4.RELEASE.jar:/Users/gmcdowell/.m2/repository/org/springframework/spring-beans/5.0.4.RELEASE/spring-beans-5.0.4.RELEASE.jar:/Users/gmcdowell/.m2/repository/org/springframework/spring-webmvc/5.0.4.RELEASE/spring-webmvc-5.0.4.RELEASE.jar:/Users/gmcdowell/.m2/repository/org/springframework/spring-aop/5.0.4.RELEASE/spring-aop-5.0.4.RELEASE.jar:/Users/gmcdowell/.m2/repository/org/springframework/spring-context/5.0.4.RELEASE/spring-context-5.0.4.RELEASE.jar:/Users/gmcdowell/.m2/repository/org/springframework/spring-expression/5.0.4.RELEASE/spring-expression-5.0.4.RELEASE.jar:/Users/gmcdowell/.m2/repository/org/springframework/boot/spring-boot-starter-tomcat/2.0.0.RELEASE/spring-boot-starter-tomcat-2.0.0.RELEASE.jar:/Users/gmcdowell/.m2/repository/javax/annotation/javax.annotation-api/1.3.2/javax.annotation-api-1.3.2.jar:/Users/gmcdowell/.m2/repository/org/apache/tomcat/embed/tomcat-embed-core/8.5.28/tomcat-embed-core-8.5.28.jar:/Users/gmcdowell/.m2/repository/org/apache/tomcat/embed/tomcat-embed-el/8.5.28/tomcat-embed-el-8.5.28.jar:/Users/gmcdowell/.m2/repository/org/apache/tomcat/embed/tomcat-embed-websocket/8.5.28/tomcat-embed-websocket-8.5.28.jar:/Users/gmcdowell/.m2/repository/org/springframework/boot/spring-boot-starter-test/2.0.0.RELEASE/spring-boot-starter-test-2.0.0.RELEASE.jar:/Users/gmcdowell/.m2/repository/org/springframework/boot/spring-boot-test/2.0.0.RELEASE/spring-boot-test-2.0.0.RELEASE.jar:/Users/gmcdowell/.m2/repository/org/springframework/boot/spring-boot-test-autoconfigure/2.0.0.RELEASE/spring-boot-test-autoconfigure-2.0.0.RELEASE.jar:/Users/gmcdowell/.m2/repository/com/jayway/jsonpath/json-path/2.4.0/json-path-2.4.0.jar:/Users/gmcdowell/.m2/repository/net/minidev/json-smart/2.3/json-smart-2.3.jar:/Users/gmcdowell/.m2/repository/net/minidev/accessors-smart/1.2/accessors-smart-1.2.jar:/Users/gmcdowell/.m2/repository/org/ow2/asm/asm/5.0.4/asm-5.0.4.jar:/Users/gmcdowell/.m2/repository/junit/junit/4.12/junit-4.12.jar:/Users/gmcdowell/.m2/repository/org/assertj/assertj-core/3.9.1/assertj-core-3.9.1.jar:/Users/gmcdowell/.m2/repository/org/mockito/mockito-core/2.15.0/mockito-core-2.15.0.jar:/Users/gmcdowell/.m2/repository/net/bytebuddy/byte-buddy/1.7.10/byte-buddy-1.7.10.jar:/Users/gmcdowell/.m2/repository/net/bytebuddy/byte-buddy-agent/1.7.10/byte-buddy-agent-1.7.10.jar:/Users/gmcdowell/.m2/repository/org/objenesis/objenesis/2.6/objenesis-2.6.jar:/Users/gmcdowell/.m2/repository/org/hamcrest/hamcrest-core/1.3/hamcrest-core-1.3.jar:/Users/gmcdowell/.m2/repository/org/hamcrest/hamcrest-library/1.3/hamcrest-library-1.3.jar:/Users/gmcdowell/.m2/repository/org/skyscreamer/jsonassert/1.5.0/jsonassert-1.5.0.jar:/Users/gmcdowell/.m2/repository/com/vaadin/external/google/android-json/0.0.20131108.vaadin1/android-json-0.0.20131108.vaadin1.jar:/Users/gmcdowell/.m2/repository/org/springframework/spring-core/5.0.4.RELEASE/spring-core-5.0.4.RELEASE.jar:/Users/gmcdowell/.m2/repository/org/springframework/spring-jcl/5.0.4.RELEASE/spring-jcl-5.0.4.RELEASE.jar:/Users/gmcdowell/.m2/repository/org/springframework/spring-test/5.0.4.RELEASE/spring-test-5.0.4.RELEASE.jar:/Users/gmcdowell/.m2/repository/org/xmlunit/xmlunit-core/2.5.1/xmlunit-core-2.5.1.jar:/Users/gmcdowell/.m2/repository/org/projectlombok/lombok/1.16.20/lombok-1.16.20.jar:/Users/gmcdowell/.m2/repository/com/google/guava/guava/23.0/guava-23.0.jar:/Users/gmcdowell/.m2/repository/com/google/code/findbugs/jsr305/1.3.9/jsr305-1.3.9.jar:/Users/gmcdowell/.m2/repository/com/google/errorprone/error_prone_annotations/2.0.18/error_prone_annotations-2.0.18.jar:/Users/gmcdowell/.m2/repository/com/google/j2objc/j2objc-annotations/1.1/j2objc-annotations-1.1.jar:/Users/gmcdowell/.m2/repository/org/codehaus/mojo/animal-sniffer-annotations/1.14/animal-sniffer-annotations-1.14.jar:/Users/gmcdowell/.m2/repository/au/com/dius/pact-jvm-consumer-junit_2.11/3.5.0/pact-jvm-consumer-junit_2.11-3.5.0.jar:/Users/gmcdowell/.m2/repository/org/jetbrains/kotlin/kotlin-stdlib-jre8/1.2.21/kotlin-stdlib-jre8-1.2.21.jar:/Users/gmcdowell/.m2/repository/org/jetbrains/kotlin/kotlin-stdlib/1.2.21/kotlin-stdlib-1.2.21.jar:/Users/gmcdowell/.m2/repository/org/jetbrains/annotations/13.0/annotations-13.0.jar:/Users/gmcdowell/.m2/repository/org/jetbrains/kotlin/kotlin-stdlib-jre7/1.2.21/kotlin-stdlib-jre7-1.2.21.jar:/Users/gmcdowell/.m2/repository/org/jetbrains/kotlin/kotlin-reflect/1.2.21/kotlin-reflect-1.2.21.jar:/Users/gmcdowell/.m2/repository/org/slf4j/slf4j-api/1.7.25/slf4j-api-1.7.25.jar:/Users/gmcdowell/.m2/repository/org/codehaus/groovy/groovy-all/2.4.10/groovy-all-2.4.10-indy.jar:/Users/gmcdowell/.m2/repository/io/github/microutils/kotlin-logging/1.4.4/kotlin-logging-1.4.4.jar:/Users/gmcdowell/.m2/repository/org/scala-lang/scala-library/2.11.8/scala-library-2.11.8.jar:/Users/gmcdowell/.m2/repository/org/scala-lang/scala-compiler/2.11.8/scala-compiler-2.11.8.jar:/Users/gmcdowell/.m2/repository/org/scala-lang/scala-reflect/2.11.8/scala-reflect-2.11.8.jar:/Users/gmcdowell/.m2/repository/org/scala-lang/modules/scala-xml_2.11/1.0.4/scala-xml_2.11-1.0.4.jar:/Users/gmcdowell/.m2/repository/org/scala-lang/modules/scala-parser-combinators_2.11/1.0.4/scala-parser-combinators_2.11-1.0.4.jar:/Users/gmcdowell/.m2/repository/com/typesafe/scala-logging/scala-logging_2.11/3.4.0/scala-logging_2.11-3.4.0.jar:/Users/gmcdowell/.m2/repository/au/com/dius/pact-jvm-consumer_2.11/3.5.0/pact-jvm-consumer_2.11-3.5.0.jar:/Users/gmcdowell/.m2/repository/au/com/dius/pact-jvm-model/3.5.0/pact-jvm-model-3.5.0.jar:/Users/gmcdowell/.m2/repository/io/netty/netty-handler/4.1.22.Final/netty-handler-4.1.22.Final.jar:/Users/gmcdowell/.m2/repository/io/netty/netty-buffer/4.1.22.Final/netty-buffer-4.1.22.Final.jar:/Users/gmcdowell/.m2/repository/io/netty/netty-common/4.1.22.Final/netty-common-4.1.22.Final.jar:/Users/gmcdowell/.m2/repository/io/netty/netty-transport/4.1.22.Final/netty-transport-4.1.22.Final.jar:/Users/gmcdowell/.m2/repository/io/netty/netty-resolver/4.1.22.Final/netty-resolver-4.1.22.Final.jar:/Users/gmcdowell/.m2/repository/io/netty/netty-codec/4.1.22.Final/netty-codec-4.1.22.Final.jar:/Users/gmcdowell/.m2/repository/com/github/zafarkhaja/java-semver/0.9.0/java-semver-0.9.0.jar:/Users/gmcdowell/.m2/repository/org/codehaus/groovy/modules/http-builder/http-builder/0.7.1/http-builder-0.7.1.jar:/Users/gmcdowell/.m2/repository/net/sf/json-lib/json-lib/2.3/json-lib-2.3-jdk15.jar:/Users/gmcdowell/.m2/repository/commons-beanutils/commons-beanutils/1.8.0/commons-beanutils-1.8.0.jar:/Users/gmcdowell/.m2/repository/commons-collections/commons-collections/3.2.1/commons-collections-3.2.1.jar:/Users/gmcdowell/.m2/repository/commons-lang/commons-lang/2.4/commons-lang-2.4.jar:/Users/gmcdowell/.m2/repository/net/sf/ezmorph/ezmorph/1.0.6/ezmorph-1.0.6.jar:/Users/gmcdowell/.m2/repository/net/sourceforge/nekohtml/nekohtml/1.9.22/nekohtml-1.9.22.jar:/Users/gmcdowell/.m2/repository/xerces/xercesImpl/2.11.0/xercesImpl-2.11.0.jar:/Users/gmcdowell/.m2/repository/xml-apis/xml-apis/1.4.01/xml-apis-1.4.01.jar:/Users/gmcdowell/.m2/repository/xml-resolver/xml-resolver/1.2/xml-resolver-1.2.jar:/Users/gmcdowell/.m2/repository/com/amazonaws/aws-java-sdk-s3/1.11.30/aws-java-sdk-s3-1.11.30.jar:/Users/gmcdowell/.m2/repository/com/amazonaws/aws-java-sdk-kms/1.11.30/aws-java-sdk-kms-1.11.30.jar:/Users/gmcdowell/.m2/repository/com/amazonaws/aws-java-sdk-core/1.11.30/aws-java-sdk-core-1.11.30.jar:/Users/gmcdowell/.m2/repository/com/fasterxml/jackson/dataformat/jackson-dataformat-cbor/2.9.4/jackson-dataformat-cbor-2.9.4.jar:/Users/gmcdowell/.m2/repository/joda-time/joda-time/2.9.9/joda-time-2.9.9.jar:/Users/gmcdowell/.m2/repository/com/amazonaws/jmespath-java/1.0/jmespath-java-1.0.jar:/Users/gmcdowell/.m2/repository/com/google/code/gson/gson/2.8.2/gson-2.8.2.jar:/Users/gmcdowell/.m2/repository/org/apache/commons/commons-collections4/4.1/commons-collections4-4.1.jar:/Users/gmcdowell/.m2/repository/com/github/mifmif/generex/1.0.1/generex-1.0.1.jar:/Users/gmcdowell/.m2/repository/au/com/dius/pact-jvm-matchers_2.11/3.5.0/pact-jvm-matchers_2.11-3.5.0.jar:/Users/gmcdowell/.m2/repository/io/gatling/jsonpath_2.11/0.6.4/jsonpath_2.11-0.6.4.jar:/Users/gmcdowell/.m2/repository/com/googlecode/java-diff-utils/diffutils/1.3.0/diffutils-1.3.0.jar:/Users/gmcdowell/.m2/repository/dk/brics/automaton/automaton/1.11-8/automaton-1.11-8.jar:/Users/gmcdowell/.m2/repository/org/apache/httpcomponents/httpclient/4.5.5/httpclient-4.5.5.jar:/Users/gmcdowell/.m2/repository/org/apache/httpcomponents/httpcore/4.4.9/httpcore-4.4.9.jar:/Users/gmcdowell/.m2/repository/commons-codec/commons-codec/1.11/commons-codec-1.11.jar:/Users/gmcdowell/.m2/repository/net/databinder/unfiltered-netty-server_2.11/0.8.4/unfiltered-netty-server_2.11-0.8.4.jar:/Users/gmcdowell/.m2/repository/net/databinder/unfiltered-netty_2.11/0.8.4/unfiltered-netty_2.11-0.8.4.jar:/Users/gmcdowell/.m2/repository/net/databinder/unfiltered_2.11/0.8.4/unfiltered_2.11-0.8.4.jar:/Users/gmcdowell/.m2/repository/io/netty/netty-codec-http/4.1.22.Final/netty-codec-http-4.1.22.Final.jar:/Users/gmcdowell/.m2/repository/net/databinder/unfiltered-util_2.11/0.8.4/unfiltered-util_2.11-0.8.4.jar:/Users/gmcdowell/.m2/repository/net/databinder/dispatch/dispatch-core_2.11/0.11.3/dispatch-core_2.11-0.11.3.jar:/Users/gmcdowell/.m2/repository/com/ning/async-http-client/1.9.11/async-http-client-1.9.11.jar:/Users/gmcdowell/.m2/repository/io/netty/netty/3.10.0.Final/netty-3.10.0.Final.jar:/Users/gmcdowell/.m2/repository/org/apache/httpcomponents/fluent-hc/4.5.5/fluent-hc-4.5.5.jar:/Users/gmcdowell/.m2/repository/commons-logging/commons-logging/1.2/commons-logging-1.2.jar:/Users/gmcdowell/.m2/repository/org/json/json/20160212/json-20160212.jar:/Users/gmcdowell/.m2/repository/org/apache/commons/commons-lang3/3.7/commons-lang3-3.7.jar:"/>
    <property name="sun.cpu.endian" value="little"/>
    <property name="user.home" value="/Users/gmcdowell"/>
    <property name="user.language" value="en"/>
    <property name="java.specification.vendor" value="Oracle Corporation"/>
    <property name="java.home" value="/Library/Java/JavaVirtualMachines/jdk1.8.0_152.jdk/Contents/Home/jre"/>
    <property name="basedir" value="/Users/gmcdowell/sandbox/pact-example/Consumer_Contracts/Client"/>
    <property name="file.separator" value="/"/>
    <property name="line.separator" value="&#10;"/>
    <property name="java.vm.specification.vendor" value="Oracle Corporation"/>
    <property name="java.specification.name" value="Java Platform API Specification"/>
    <property name="java.awt.graphicsenv" value="sun.awt.CGraphicsEnvironment"/>
    <property name="surefire.real.class.path" value="/Users/gmcdowell/sandbox/pact-example/Consumer_Contracts/Client/target/surefire/surefirebooter1527652907381298920.jar"/>
    <property name="sun.boot.class.path" value="/Library/Java/JavaVirtualMachines/jdk1.8.0_152.jdk/Contents/Home/jre/lib/resources.jar:/Library/Java/JavaVirtualMachines/jdk1.8.0_152.jdk/Contents/Home/jre/lib/rt.jar:/Library/Java/JavaVirtualMachines/jdk1.8.0_152.jdk/Contents/Home/jre/lib/sunrsasign.jar:/Library/Java/JavaVirtualMachines/jdk1.8.0_152.jdk/Contents/Home/jre/lib/jsse.jar:/Library/Java/JavaVirtualMachines/jdk1.8.0_152.jdk/Contents/Home/jre/lib/jce.jar:/Library/Java/JavaVirtualMachines/jdk1.8.0_152.jdk/Contents/Home/jre/lib/charsets.jar:/Library/Java/JavaVirtualMachines/jdk1.8.0_152.jdk/Contents/Home/jre/lib/jfr.jar:/Library/Java/JavaVirtualMachines/jdk1.8.0_152.jdk/Contents/Home/jre/classes"/>
    <property name="sun.management.compiler" value="HotSpot 64-Bit Tiered Compilers"/>
    <property name="ftp.nonProxyHosts" value="local|*.local|169.254/16|*.169.254/16"/>
    <property name="java.runtime.version" value="1.8.0_152-b16"/>
    <property name="user.name" value="gmcdowell"/>
    <property name="path.separator" value=":"/>
    <property name="os.version" value="10.13.3"/>
    <property name="java.endorsed.dirs" value="/Library/Java/JavaVirtualMachines/jdk1.8.0_152.jdk/Contents/Home/jre/lib/endorsed"/>
    <property name="java.runtime.name" value="Java(TM) SE Runtime Environment"/>
    <property name="file.encoding" value="UTF-8"/>
    <property name="java.vm.name" value="Java HotSpot(TM) 64-Bit Server VM"/>
    <property name="localRepository" value="/Users/gmcdowell/.m2/repository"/>
    <property name="java.vendor.url.bug" value="http://bugreport.sun.com/bugreport/"/>
    <property name="java.io.tmpdir" value="/var/folders/4b/pqmvkx155jl1k361vpbsl9vrjftylf/T/"/>
    <property name="java.version" value="1.8.0_152"/>
    <property name="user.dir" value="/Users/gmcdowell/sandbox/pact-example/Consumer_Contracts/Client"/>
    <property name="os.arch" value="x86_64"/>
    <property name="java.vm.specification.name" value="Java Virtual Machine Specification"/>
    <property name="java.awt.printerjob" value="sun.lwawt.macosx.CPrinterJob"/>
    <property name="sun.os.patch.level" value="unknown"/>
    <property name="java.library.path" value="/Users/gmcdowell/Library/Java/Extensions:/Library/Java/Extensions:/Network/Library/Java/Extensions:/System/Library/Java/Extensions:/usr/lib/java:."/>
    <property name="java.vm.info" value="mixed mode"/>
    <property name="java.vendor" value="Oracle Corporation"/>
    <property name="java.vm.version" value="25.152-b16"/>
    <property name="java.ext.dirs" value="/Users/gmcdowell/Library/Java/Extensions:/Library/Java/JavaVirtualMachines/jdk1.8.0_152.jdk/Contents/Home/jre/lib/ext:/Library/Java/Extensions:/Network/Library/Java/Extensions:/System/Library/Java/Extensions:/usr/lib/java"/>
    <property name="sun.io.unicode.encoding" value="UnicodeBig"/>
    <property name="java.class.version" value="52.0"/>
    <property name="socksNonProxyHosts" value="local|*.local|169.254/16|*.169.254/16"/>
    <property name="pact.rootDir" value="target/site/pacts"/>
  </properties>
  <testcase name="testRestClient" classname="com.rapid7.example.pact.TestAnimalClient" time="2.037"/>
</testsuite>