<?xml version="1.0" encoding="UTF-8"?>
<testsuite xmlns:xsi="http://www.w3.org/2001/XMLSchema-instance" xsi:noNamespaceSchemaLocation="https://maven.apache.org/surefire/maven-surefire-plugin/xsd/surefire-test-report.xsd" name="com.rapid7.example.pact.TestAnimalClient" time="2.146" tests="1" errors="0" skipped="0" failures="0">
  <properties>
    <property name="gopherProxySet" value="false"/>
    <property name="awt.toolkit" value="sun.lwawt.macosx.LWCToolkit"/>
    <property name="file.encoding.pkg" value="sun.io"/>
    <property name="java.specification.version" value="1.8"/>
    <property name="sun.cpu.isalist" value=""/>
    <property name="sun.jnu.encoding" value="UTF-8"/>
    <property name="java.class.path" value="/Users/gmcdowell/sandbox/pact-example/Server_Contracts/Client/target/test-classes:/Users/gmcdowell/sandbox/pact-example/Server_Contracts/Client/target/classes:/Users/gmcdowell/.m2/repository/org/springframework/boot/spring-boot-starter-web/2.0.0.RELEASE/spring-boot-starter-web-2.0.0.RELEASE.jar:/Users/gmcdowell/.m2/repository/org/springframework/boot/spring-boot-starter/2.0.0.RELEASE/spring-boot-starter-2.0.0.RELEASE.jar:/Users/gmcdowell/.m2/repository/org/springframework/boot/spring-boot/2.0.0.RELEASE/spring-boot-2.0.0.RELEASE.jar:/Users/gmcdowell/.m2/repository/org/springframework/boot/spring-boot-autoconfigure/2.0.0.RELEASE/spring-boot-autoconfigure-2.0.0.RELEASE.jar:/Users/gmcdowell/.m2/repository/org/springframework/boot/spring-boot-starter-logging/2.0.0.RELEASE/spring-boot-starter-logging-2.0.0.RELEASE.jar:/Users/gmcdowell/.m2/repository/ch/qos/logback/logback-classic/1.2.3/logback-classic-1.2.3.jar:/Users/gmcdowell/.m2/repository/ch/qos/logback/logback-core/1.2.3/logback-core-1.2.3.jar:/Users/gmcdowell/.m2/repository/org/apache/logging/log4j/log4j-to-slf4j/2.10.0/log4j-to-slf4j-2.10.0.jar:/Users/gmcdowell/.m2/repository/org/apache/logging/log4j/log4j-api/2.10.0/log4j-api-2.10.0.jar:/Users/gmcdowell/.m2/repository/org/slf4j/jul-to-slf4j/1.7.25/jul-to-slf4j-1.7.25.jar:/Users/gmcdowell/.m2/repository/org/yaml/snakeyaml/1.19/snakeyaml-1.19.jar:/Users/gmcdowell/.m2/repository/org/springframework/boot/spring-boot-starter-json/2.0.0.RELEASE/spring-boot-starter-json-2.0.0.RELEASE.jar:/Users/gmcdowell/.m2/repository/com/fasterxml/jackson/datatype/jackson-datatype-jdk8/2.9.4/jackson-datatype-jdk8-2.9.4.jar:/Users/gmcdowell/.m2/repository/com/fasterxml/jackson/datatype/jackson-datatype-jsr310/2.9.4/jackson-datatype-jsr310-2.9.4.jar:/Users/gmcdowell/.m2/repository/com/fasterxml/jackson/module/jackson-module-parameter-names/2.9.4/jackson-module-parameter-names-2.9.4.jar:/Users/gmcdowell/.m2/repository/org/hibernate/validator/hibernate-validator/6.0.7.Final/hibernate-validator-6.0.7.Final.jar:/Users/gmcdowell/.m2/repository/javax/validation/validation-api/2.0.1.Final/validation-api-2.0.1.Final.jar:/Users/gmcdowell/.m2/repository/org/jboss/logging/jboss-logging/3.3.2.Final/jboss-logging-3.3.2.Final.jar:/Users/gmcdowell/.m2/repository/com/fasterxml/classmate/1.3.4/classmate-1.3.4.jar:/Users/gmcdowell/.m2/repository/org/springframework/spring-web/5.0.4.RELEASE/spring-web-5.0.4.RELEASE.jar:/Users/gmcdowell/.m2/repository/org/springframework/spring-beans/5.0.4.RELEASE/spring-beans-5.0.4.RELEASE.jar:/Users/gmcdowell/.m2/repository/org/springframework/spring-webmvc/5.0.4.RELEASE/spring-webmvc-5.0.4.RELEASE.jar:/Users/gmcdowell/.m2/repository/org/springframework/spring-aop/5.0.4.RELEASE/spring-aop-5.0.4.RELEASE.jar:/Users/gmcdowell/.m2/repository/org/springframework/spring-context/5.0.4.RELEASE/spring-context-5.0.4.RELEASE.jar:/Users/gmcdowell/.m2/repository/org/springframework/spring-expression/5.0.4.RELEASE/spring-expression-5.0.4.RELEASE.jar:/Users/gmcdowell/.m2/repository/org/springframework/boot/spring-boot-starter-tomcat/2.0.0.RELEASE/spring-boot-starter-tomcat-2.0.0.RELEASE.jar:/Users/gmcdowell/.m2/repository/javax/annotation/javax.annotation-api/1.3.2/javax.annotation-api-1.3.2.jar:/Users/gmcdowell/.m2/repository/org/apache/tomcat/embed/tomcat-embed-core/8.5.28/tomcat-embed-core-8.5.28.jar:/Users/gmcdowell/.m2/repository/org/apache/tomcat/embed/tomcat-embed-el/8.5.28/tomcat-embed-el-8.5.28.jar:/Users/gmcdowell/.m2/repository/org/apache/tomcat/embed/tomcat-embed-websocket/8.5.28/tomcat-embed-websocket-8.5.28.jar:/Users/gmcdowell/.m2/repository/org/springframework/boot/spring-boot-starter-test/2.0.0.RELEASE/spring-boot-starter-test-2.0.0.RELEASE.jar:/Users/gmcdowell/.m2/repository/org/springframework/boot/spring-boot-test/2.0.0.RELEASE/spring-boot-test-2.0.0.RELEASE.jar:/Users/gmcdowell/.m2/repository/org/springframework/boot/spring-boot-test-autoconfigure/2.0.0.RELEASE/spring-boot-test-autoconfigure-2.0.0.RELEASE.jar:/Users/gmcdowell/.m2/repository/com/jayway/jsonpath/json-path/2.4.0/json-path-2.4.0.jar:/Users/gmcdowell/.m2/repository/net/minidev/json-smart/2.3/json-smart-2.3.jar:/Users/gmcdowell/.m2/repository/net/minidev/accessors-smart/1.2/accessors-smart-1.2.jar:/Users/gmcdowell/.m2/repository/org/ow2/asm/asm/5.0.4/asm-5.0.4.jar:/Users/gmcdowell/.m2/repository/junit/junit/4.12/junit-4.12.jar:/Users/gmcdowell/.m2/repository/org/assertj/assertj-core/3.9.1/assertj-core-3.9.1.jar:/Users/gmcdowell/.m2/repository/org/mockito/mockito-core/2.15.0/mockito-core-2.15.0.jar:/Users/gmcdowell/.m2/repository/net/bytebuddy/byte-buddy/1.7.10/byte-buddy-1.7.10.jar:/Users/gmcdowell/.m2/repository/net/bytebuddy/byte-buddy-agent/1.7.10/byte-buddy-agent-1.7.10.jar:/Users/gmcdowell/.m2/repository/org/objenesis/objenesis/2.6/objenesis-2.6.jar:/Users/gmcdowell/.m2/repository/org/hamcrest/hamcrest-core/1.3/hamcrest-core-1.3.jar:/Users/gmcdowell/.m2/repository/org/hamcrest/hamcrest-library/1.3/hamcrest-library-1.3.jar:/Users/gmcdowell/.m2/repository/org/skyscreamer/jsonassert/1.5.0/jsonassert-1.5.0.jar:/Users/gmcdowell/.m2/repository/com/vaadin/external/google/android-json/0.0.20131108.vaadin1/android-json-0.0.20131108.vaadin1.jar:/Users/gmcdowell/.m2/repository/org/springframework/spring-core/5.0.4.RELEASE/spring-core-5.0.4.RELEASE.jar:/Users/gmcdowell/.m2/repository/org/springframework/spring-jcl/5.0.4.RELEASE/spring-jcl-5.0.4.RELEASE.jar:/Users/gmcdowell/.m2/repository/org/springframework/spring-test/5.0.4.RELEASE/spring-test-5.0.4.RELEASE.jar:/Users/gmcdowell/.m2/repository/org/xmlunit/xmlunit-core/2.5.1/xmlunit-core-2.5.1.jar:/Users/gmcdowell/.m2/repository/org/projectlombok/lombok/1.16.20/lombok-1.16.20.jar:/Users/gmcdowell/.m2/repository/com/google/guava/guava/23.0/guava-23.0.jar:/Users/gmcdowell/.m2/repository/com/google/code/findbugs/jsr305/1.3.9/jsr305-1.3.9.jar:/Users/gmcdowell/.m2/repository/com/google/errorprone/error_prone_annotations/2.0.18/error_prone_annotations-2.0.18.jar:/Users/gmcdowell/.m2/repository/com/google/j2objc/j2objc-annotations/1.1/j2objc-annotations-1.1.jar:/Users/gmcdowell/.m2/repository/org/codehaus/mojo/animal-sniffer-annotations/1.14/animal-sniffer-annotations-1.14.jar:/Users/gmcdowell/.m2/repository/com/github/tomakehurst/wiremock/2.11.0/wiremock-2.11.0.jar:/Users/gmcdowell/.m2/repository/org/eclipse/jetty/jetty-server/9.4.8.v20171121/jetty-server-9.4.8.v20171121.jar:/Users/gmcdowell/.m2/repository/javax/servlet/javax.servlet-api/3.1.0/javax.servlet-api-3.1.0.jar:/Users/gmcdowell/.m2/repository/org/eclipse/jetty/jetty-http/9.4.8.v20171121/jetty-http-9.4.8.v20171121.jar:/Users/gmcdowell/.m2/repository/org/eclipse/jetty/jetty-io/9.4.8.v20171121/jetty-io-9.4.8.v20171121.jar:/Users/gmcdowell/.m2/repository/org/eclipse/jetty/jetty-servlet/9.4.8.v20171121/jetty-servlet-9.4.8.v20171121.jar:/Users/gmcdowell/.m2/repository/org/eclipse/jetty/jetty-security/9.4.8.v20171121/jetty-security-9.4.8.v20171121.jar:/Users/gmcdowell/.m2/repository/org/eclipse/jetty/jetty-servlets/9.4.8.v20171121/jetty-servlets-9.4.8.v20171121.jar:/Users/gmcdowell/.m2/repository/org/eclipse/jetty/jetty-continuation/9.4.8.v20171121/jetty-continuation-9.4.8.v20171121.jar:/Users/gmcdowell/.m2/repository/org/eclipse/jetty/jetty-util/9.4.8.v20171121/jetty-util-9.4.8.v20171121.jar:/Users/gmcdowell/.m2/repository/org/eclipse/jetty/jetty-webapp/9.4.8.v20171121/jetty-webapp-9.4.8.v20171121.jar:/Users/gmcdowell/.m2/repository/org/eclipse/jetty/jetty-xml/9.4.8.v20171121/jetty-xml-9.4.8.v20171121.jar:/Users/gmcdowell/.m2/repository/com/fasterxml/jackson/core/jackson-core/2.9.4/jackson-core-2.9.4.jar:/Users/gmcdowell/.m2/repository/com/fasterxml/jackson/core/jackson-annotations/2.9.0/jackson-annotations-2.9.0.jar:/Users/gmcdowell/.m2/repository/com/fasterxml/jackson/core/jackson-databind/2.9.4/jackson-databind-2.9.4.jar:/Users/gmcdowell/.m2/repository/org/apache/httpcomponents/httpclient/4.5.5/httpclient-4.5.5.jar:/Users/gmcdowell/.m2/repository/org/apache/httpcomponents/httpcore/4.4.9/httpcore-4.4.9.jar:/Users/gmcdowell/.m2/repository/commons-codec/commons-codec/1.11/commons-codec-1.11.jar:/Users/gmcdowell/.m2/repository/org/xmlunit/xmlunit-legacy/2.5.1/xmlunit-legacy-2.5.1.jar:/Users/gmcdowell/.m2/repository/org/slf4j/slf4j-api/1.7.25/slf4j-api-1.7.25.jar:/Users/gmcdowell/.m2/repository/net/sf/jopt-simple/jopt-simple/5.0.3/jopt-simple-5.0.3.jar:/Users/gmcdowell/.m2/repository/org/apache/commons/commons-lang3/3.7/commons-lang3-3.7.jar:/Users/gmcdowell/.m2/repository/com/flipkart/zjsonpatch/zjsonpatch/0.3.0/zjsonpatch-0.3.0.jar:/Users/gmcdowell/.m2/repository/org/apache/commons/commons-collections4/4.1/commons-collections4-4.1.jar:/Users/gmcdowell/.m2/repository/com/github/jknack/handlebars/4.0.6/handlebars-4.0.6.jar:/Users/gmcdowell/.m2/repository/org/antlr/antlr4-runtime/4.5.1-1/antlr4-runtime-4.5.1-1.jar:/Users/gmcdowell/.m2/repository/org/codehaus/mojo/build-helper-maven-plugin/3.0.0/build-helper-maven-plugin-3.0.0.jar:/Users/gmcdowell/.m2/repository/org/apache/maven/maven-core/3.0/maven-core-3.0.jar:/Users/gmcdowell/.m2/repository/org/apache/maven/maven-model/3.0/maven-model-3.0.jar:/Users/gmcdowell/.m2/repository/org/apache/maven/maven-settings/3.0/maven-settings-3.0.jar:/Users/gmcdowell/.m2/repository/org/apache/maven/maven-settings-builder/3.0/maven-settings-builder-3.0.jar:/Users/gmcdowell/.m2/repository/org/apache/maven/maven-repository-metadata/3.0/maven-repository-metadata-3.0.jar:/Users/gmcdowell/.m2/repository/org/apache/maven/maven-artifact/3.0/maven-artifact-3.0.jar:/Users/gmcdowell/.m2/repository/org/apache/maven/maven-model-builder/3.0/maven-model-builder-3.0.jar:/Users/gmcdowell/.m2/repository/org/apache/maven/maven-aether-provider/3.0/maven-aether-provider-3.0.jar:/Users/gmcdowell/.m2/repository/org/sonatype/aether/aether-impl/1.7/aether-impl-1.7.jar:/Users/gmcdowell/.m2/repository/org/sonatype/aether/aether-spi/1.7/aether-spi-1.7.jar:/Users/gmcdowell/.m2/repository/org/sonatype/aether/aether-api/1.7/aether-api-1.7.jar:/Users/gmcdowell/.m2/repository/org/sonatype/aether/aether-util/1.7/aether-util-1.7.jar:/Users/gmcdowell/.m2/repository/org/sonatype/sisu/sisu-inject-plexus/1.4.2/sisu-inject-plexus-1.4.2.jar:/Users/gmcdowell/.m2/repository/org/sonatype/sisu/sisu-inject-bean/1.4.2/sisu-inject-bean-1.4.2.jar:/Users/gmcdowell/.m2/repository/org/sonatype/sisu/sisu-guice/2.1.7/sisu-guice-2.1.7-noaop.jar:/Users/gmcdowell/.m2/repository/org/codehaus/plexus/plexus-interpolation/1.14/plexus-interpolation-1.14.jar:/Users/gmcdowell/.m2/repository/org/codehaus/plexus/plexus-classworlds/2.2.3/plexus-classworlds-2.2.3.jar:/Users/gmcdowell/.m2/repository/org/codehaus/plexus/plexus-component-annotations/1.5.5/plexus-component-annotations-1.5.5.jar:/Users/gmcdowell/.m2/repository/org/sonatype/plexus/plexus-sec-dispatcher/1.3/plexus-sec-dispatcher-1.3.jar:/Users/gmcdowell/.m2/repository/org/sonatype/plexus/plexus-cipher/1.4/plexus-cipher-1.4.jar:/Users/gmcdowell/.m2/repository/org/apache/maven/maven-plugin-api/3.0/maven-plugin-api-3.0.jar:/Users/gmcdowell/.m2/repository/org/codehaus/plexus/plexus-utils/3.0.24/plexus-utils-3.0.24.jar:/Users/gmcdowell/.m2/repository/org/beanshell/bsh/2.0b4/bsh-2.0b4.jar:/Users/gmcdowell/.m2/repository/org/apache/maven/shared/file-management/3.0.0/file-management-3.0.0.jar:/Users/gmcdowell/.m2/repository/org/apache/maven/shared/maven-shared-io/3.0.0/maven-shared-io-3.0.0.jar:/Users/gmcdowell/.m2/repository/org/apache/maven/shared/maven-shared-utils/3.0.0/maven-shared-utils-3.0.0.jar:/Users/gmcdowell/.m2/repository/io/swagger/swagger-codegen-maven-plugin/2.1.4/swagger-codegen-maven-plugin-2.1.4.jar:/Users/gmcdowell/.m2/repository/org/apache/maven/maven-compat/3.2.5/maven-compat-3.2.5.jar:/Users/gmcdowell/.m2/repository/org/eclipse/sisu/org.eclipse.sisu.plexus/0.3.0.M1/org.eclipse.sisu.plexus-0.3.0.M1.jar:/Users/gmcdowell/.m2/repository/javax/enterprise/cdi-api/1.0/cdi-api-1.0.jar:/Users/gmcdowell/.m2/repository/javax/annotation/jsr250-api/1.0/jsr250-api-1.0.jar:/Users/gmcdowell/.m2/repository/javax/inject/javax.inject/1/javax.inject-1.jar:/Users/gmcdowell/.m2/repository/org/eclipse/sisu/org.eclipse.sisu.inject/0.3.0.M1/org.eclipse.sisu.inject-0.3.0.M1.jar:/Users/gmcdowell/.m2/repository/org/apache/maven/wagon/wagon-provider-api/2.8/wagon-provider-api-2.8.jar:/Users/gmcdowell/.m2/repository/org/apache/maven/plugin-tools/maven-plugin-annotations/3.4/maven-plugin-annotations-3.4.jar:/Users/gmcdowell/.m2/repository/io/swagger/swagger-codegen/2.1.4/swagger-codegen-2.1.4.jar:/Users/gmcdowell/.m2/repository/io/swagger/swagger-parser/1.0.11/swagger-parser-1.0.11.jar:/Users/gmcdowell/.m2/repository/io/swagger/swagger-compat-spec-parser/1.0.11/swagger-compat-spec-parser-1.0.11.jar:/Users/gmcdowell/.m2/repository/com/github/fge/json-schema-validator/2.2.3/json-schema-validator-2.2.3.jar:/Users/gmcdowell/.m2/repository/joda-time/joda-time/2.9.9/joda-time-2.9.9.jar:/Users/gmcdowell/.m2/repository/com/github/fge/json-schema-core/1.2.1/json-schema-core-1.2.1.jar:/Users/gmcdowell/.m2/repository/com/github/fge/uri-template/0.9/uri-template-0.9.jar:/Users/gmcdowell/.m2/repository/org/mozilla/rhino/1.7R4/rhino-1.7R4.jar:/Users/gmcdowell/.m2/repository/com/googlecode/libphonenumber/libphonenumber/6.0/libphonenumber-6.0.jar:/Users/gmcdowell/.m2/repository/javax/mail/mailapi/1.4.3/mailapi-1.4.3.jar:/Users/gmcdowell/.m2/repository/javax/activation/activation/1.1/activation-1.1.jar:/Users/gmcdowell/.m2/repository/com/github/fge/json-patch/1.6/json-patch-1.6.jar:/Users/gmcdowell/.m2/repository/com/github/fge/jackson-coreutils/1.6/jackson-coreutils-1.6.jar:/Users/gmcdowell/.m2/repository/com/github/fge/msg-simple/1.1/msg-simple-1.1.jar:/Users/gmcdowell/.m2/repository/com/github/fge/btf/1.2/btf-1.2.jar:/Users/gmcdowell/.m2/repository/io/swagger/swagger-core/1.5.4/swagger-core-1.5.4.jar:/Users/gmcdowell/.m2/repository/com/fasterxml/jackson/datatype/jackson-datatype-joda/2.9.4/jackson-datatype-joda-2.9.4.jar:/Users/gmcdowell/.m2/repository/com/fasterxml/jackson/dataformat/jackson-dataformat-yaml/2.9.4/jackson-dataformat-yaml-2.9.4.jar:/Users/gmcdowell/.m2/repository/io/swagger/swagger-models/1.5.4/swagger-models-1.5.4.jar:/Users/gmcdowell/.m2/repository/io/swagger/swagger-annotations/1.5.4/swagger-annotations-1.5.4.jar:/Users/gmcdowell/.m2/repository/com/samskivert/jmustache/1.14/jmustache-1.14.jar:/Users/gmcdowell/.m2/repository/commons-io/commons-io/2.3/commons-io-2.3.jar:/Users/gmcdowell/.m2/repository/org/apache/maven/maven-plugin-tools-api/2.0/maven-plugin-tools-api-2.0.jar:/Users/gmcdowell/.m2/repository/org/apache/maven/maven-project/2.0/maven-project-2.0.jar:/Users/gmcdowell/.m2/repository/org/apache/maven/maven-profile/2.0/maven-profile-2.0.jar:/Users/gmcdowell/.m2/repository/org/apache/maven/maven-plugin-descriptor/2.0/maven-plugin-descriptor-2.0.jar:/Users/gmcdowell/.m2/repository/org/apache/felix/maven-bundle-plugin/2.3.4/maven-bundle-plugin-2.3.4.jar:/Users/gmcdowell/.m2/repository/biz/aQute/bndlib/1.15.0/bndlib-1.15.0.jar:/Users/gmcdowell/.m2/repository/net/sf/kxml/kxml2/2.2.2/kxml2-2.2.2.jar:/Users/gmcdowell/.m2/repository/xmlpull/xmlpull/1.1.3.1/xmlpull-1.1.3.1.jar:/Users/gmcdowell/.m2/repository/org/apache/felix/org.apache.felix.bundlerepository/1.6.2/org.apache.felix.bundlerepository-1.6.2.jar:/Users/gmcdowell/.m2/repository/org/osgi/org.osgi.core/4.1.0/org.osgi.core-4.1.0.jar:/Users/gmcdowell/.m2/repository/org/easymock/easymock/2.4/easymock-2.4.jar:/Users/gmcdowell/.m2/repository/org/apache/felix/org.osgi.core/1.0.0/org.osgi.core-1.0.0.jar:/Users/gmcdowell/.m2/repository/org/apache/felix/org.osgi.service.obr/1.0.1/org.osgi.service.obr-1.0.1.jar:/Users/gmcdowell/.m2/repository/org/apache/maven/maven-archiver/2.2/maven-archiver-2.2.jar:/Users/gmcdowell/.m2/repository/org/apache/maven/maven-artifact-manager/2.0.7/maven-artifact-manager-2.0.7.jar:/Users/gmcdowell/.m2/repository/org/apache/maven/shared/maven-dependency-tree/1.2/maven-dependency-tree-1.2.jar:/Users/gmcdowell/.m2/repository/org/codehaus/plexus/plexus-container-default/1.0-alpha-9-stable-1/plexus-container-default-1.0-alpha-9-stable-1.jar:/Users/gmcdowell/.m2/repository/classworlds/classworlds/1.1-alpha-2/classworlds-1.1-alpha-2.jar:/Users/gmcdowell/.m2/repository/org/codehaus/plexus/plexus-archiver/1.0-alpha-7/plexus-archiver-1.0-alpha-7.jar:/Users/gmcdowell/.m2/repository/org/slf4j/slf4j-ext/1.7.25/slf4j-ext-1.7.25.jar:/Users/gmcdowell/.m2/repository/org/slf4j/slf4j-simple/1.7.25/slf4j-simple-1.7.25.jar:/Users/gmcdowell/.m2/repository/commons-lang/commons-lang/2.4/commons-lang-2.4.jar:/Users/gmcdowell/.m2/repository/commons-cli/commons-cli/1.2/commons-cli-1.2.jar:/Users/gmcdowell/.m2/repository/com/sun/jersey/jersey-client/1.19.4/jersey-client-1.19.4.jar:/Users/gmcdowell/.m2/repository/com/sun/jersey/jersey-core/1.19.4/jersey-core-1.19.4.jar:/Users/gmcdowell/.m2/repository/javax/ws/rs/jsr311-api/1.1.1/jsr311-api-1.1.1.jar:/Users/gmcdowell/.m2/repository/com/sun/jersey/contribs/jersey-multipart/1.19.4/jersey-multipart-1.19.4.jar:/Users/gmcdowell/.m2/repository/org/jvnet/mimepull/mimepull/1.9.3/mimepull-1.9.3.jar:"/>
    <property name="java.vm.vendor" value="Oracle Corporation"/>
    <property name="sun.arch.data.model" value="64"/>
    <property name="java.vendor.url" value="http://java.oracle.com/"/>
    <property name="user.timezone" value=""/>
    <property name="java.vm.specification.version" value="1.8"/>
    <property name="os.name" value="Mac OS X"/>
    <property name="user.country" value="GB"/>
    <property name="sun.java.launcher" value="SUN_STANDARD"/>
    <property name="sun.boot.library.path" value="/Library/Java/JavaVirtualMachines/jdk1.8.0_152.jdk/Contents/Home/jre/lib"/>
    <property name="sun.java.command" value="/Users/gmcdowell/sandbox/pact-example/Server_Contracts/Client/target/surefire/surefirebooter8301940050812537166.jar /Users/gmcdowell/sandbox/pact-example/Server_Contracts/Client/target/surefire 2018-03-12T15-39-16_171-jvmRun1 surefire8800115493228034133tmp surefire_066850735057136949tmp"/>
    <property name="http.nonProxyHosts" value="local|*.local|169.254/16|*.169.254/16"/>
    <property name="surefire.test.class.path" value="/Users/gmcdowell/sandbox/pact-example/Server_Contracts/Client/target/test-classes:/Users/gmcdowell/sandbox/pact-example/Server_Contracts/Client/target/classes:/Users/gmcdowell/.m2/repository/org/springframework/boot/spring-boot-starter-web/2.0.0.RELEASE/spring-boot-starter-web-2.0.0.RELEASE.jar:/Users/gmcdowell/.m2/repository/org/springframework/boot/spring-boot-starter/2.0.0.RELEASE/spring-boot-starter-2.0.0.RELEASE.jar:/Users/gmcdowell/.m2/repository/org/springframework/boot/spring-boot/2.0.0.RELEASE/spring-boot-2.0.0.RELEASE.jar:/Users/gmcdowell/.m2/repository/org/springframework/boot/spring-boot-autoconfigure/2.0.0.RELEASE/spring-boot-autoconfigure-2.0.0.RELEASE.jar:/Users/gmcdowell/.m2/repository/org/springframework/boot/spring-boot-starter-logging/2.0.0.RELEASE/spring-boot-starter-logging-2.0.0.RELEASE.jar:/Users/gmcdowell/.m2/repository/ch/qos/logback/logback-classic/1.2.3/logback-classic-1.2.3.jar:/Users/gmcdowell/.m2/repository/ch/qos/logback/logback-core/1.2.3/logback-core-1.2.3.jar:/Users/gmcdowell/.m2/repository/org/apache/logging/log4j/log4j-to-slf4j/2.10.0/log4j-to-slf4j-2.10.0.jar:/Users/gmcdowell/.m2/repository/org/apache/logging/log4j/log4j-api/2.10.0/log4j-api-2.10.0.jar:/Users/gmcdowell/.m2/repository/org/slf4j/jul-to-slf4j/1.7.25/jul-to-slf4j-1.7.25.jar:/Users/gmcdowell/.m2/repository/org/yaml/snakeyaml/1.19/snakeyaml-1.19.jar:/Users/gmcdowell/.m2/repository/org/springframework/boot/spring-boot-starter-json/2.0.0.RELEASE/spring-boot-starter-json-2.0.0.RELEASE.jar:/Users/gmcdowell/.m2/repository/com/fasterxml/jackson/datatype/jackson-datatype-jdk8/2.9.4/jackson-datatype-jdk8-2.9.4.jar:/Users/gmcdowell/.m2/repository/com/fasterxml/jackson/datatype/jackson-datatype-jsr310/2.9.4/jackson-datatype-jsr310-2.9.4.jar:/Users/gmcdowell/.m2/repository/com/fasterxml/jackson/module/jackson-module-parameter-names/2.9.4/jackson-module-parameter-names-2.9.4.jar:/Users/gmcdowell/.m2/repository/org/hibernate/validator/hibernate-validator/6.0.7.Final/hibernate-validator-6.0.7.Final.jar:/Users/gmcdowell/.m2/repository/javax/validation/validation-api/2.0.1.Final/validation-api-2.0.1.Final.jar:/Users/gmcdowell/.m2/repository/org/jboss/logging/jboss-logging/3.3.2.Final/jboss-logging-3.3.2.Final.jar:/Users/gmcdowell/.m2/repository/com/fasterxml/classmate/1.3.4/classmate-1.3.4.jar:/Users/gmcdowell/.m2/repository/org/springframework/spring-web/5.0.4.RELEASE/spring-web-5.0.4.RELEASE.jar:/Users/gmcdowell/.m2/repository/org/springframework/spring-beans/5.0.4.RELEASE/spring-beans-5.0.4.RELEASE.jar:/Users/gmcdowell/.m2/repository/org/springframework/spring-webmvc/5.0.4.RELEASE/spring-webmvc-5.0.4.RELEASE.jar:/Users/gmcdowell/.m2/repository/org/springframework/spring-aop/5.0.4.RELEASE/spring-aop-5.0.4.RELEASE.jar:/Users/gmcdowell/.m2/repository/org/springframework/spring-context/5.0.4.RELEASE/spring-context-5.0.4.RELEASE.jar:/Users/gmcdowell/.m2/repository/org/springframework/spring-expression/5.0.4.RELEASE/spring-expression-5.0.4.RELEASE.jar:/Users/gmcdowell/.m2/repository/org/springframework/boot/spring-boot-starter-tomcat/2.0.0.RELEASE/spring-boot-starter-tomcat-2.0.0.RELEASE.jar:/Users/gmcdowell/.m2/repository/javax/annotation/javax.annotation-api/1.3.2/javax.annotation-api-1.3.2.jar:/Users/gmcdowell/.m2/repository/org/apache/tomcat/embed/tomcat-embed-core/8.5.28/tomcat-embed-core-8.5.28.jar:/Users/gmcdowell/.m2/repository/org/apache/tomcat/embed/tomcat-embed-el/8.5.28/tomcat-embed-el-8.5.28.jar:/Users/gmcdowell/.m2/repository/org/apache/tomcat/embed/tomcat-embed-websocket/8.5.28/tomcat-embed-websocket-8.5.28.jar:/Users/gmcdowell/.m2/repository/org/springframework/boot/spring-boot-starter-test/2.0.0.RELEASE/spring-boot-starter-test-2.0.0.RELEASE.jar:/Users/gmcdowell/.m2/repository/org/springframework/boot/spring-boot-test/2.0.0.RELEASE/spring-boot-test-2.0.0.RELEASE.jar:/Users/gmcdowell/.m2/repository/org/springframework/boot/spring-boot-test-autoconfigure/2.0.0.RELEASE/spring-boot-test-autoconfigure-2.0.0.RELEASE.jar:/Users/gmcdowell/.m2/repository/com/jayway/jsonpath/json-path/2.4.0/json-path-2.4.0.jar:/Users/gmcdowell/.m2/repository/net/minidev/json-smart/2.3/json-smart-2.3.jar:/Users/gmcdowell/.m2/repository/net/minidev/accessors-smart/1.2/accessors-smart-1.2.jar:/Users/gmcdowell/.m2/repository/org/ow2/asm/asm/5.0.4/asm-5.0.4.jar:/Users/gmcdowell/.m2/repository/junit/junit/4.12/junit-4.12.jar:/Users/gmcdowell/.m2/repository/org/assertj/assertj-core/3.9.1/assertj-core-3.9.1.jar:/Users/gmcdowell/.m2/repository/org/mockito/mockito-core/2.15.0/mockito-core-2.15.0.jar:/Users/gmcdowell/.m2/repository/net/bytebuddy/byte-buddy/1.7.10/byte-buddy-1.7.10.jar:/Users/gmcdowell/.m2/repository/net/bytebuddy/byte-buddy-agent/1.7.10/byte-buddy-agent-1.7.10.jar:/Users/gmcdowell/.m2/repository/org/objenesis/objenesis/2.6/objenesis-2.6.jar:/Users/gmcdowell/.m2/repository/org/hamcrest/hamcrest-core/1.3/hamcrest-core-1.3.jar:/Users/gmcdowell/.m2/repository/org/hamcrest/hamcrest-library/1.3/hamcrest-library-1.3.jar:/Users/gmcdowell/.m2/repository/org/skyscreamer/jsonassert/1.5.0/jsonassert-1.5.0.jar:/Users/gmcdowell/.m2/repository/com/vaadin/external/google/android-json/0.0.20131108.vaadin1/android-json-0.0.20131108.vaadin1.jar:/Users/gmcdowell/.m2/repository/org/springframework/spring-core/5.0.4.RELEASE/spring-core-5.0.4.RELEASE.jar:/Users/gmcdowell/.m2/repository/org/springframework/spring-jcl/5.0.4.RELEASE/spring-jcl-5.0.4.RELEASE.jar:/Users/gmcdowell/.m2/repository/org/springframework/spring-test/5.0.4.RELEASE/spring-test-5.0.4.RELEASE.jar:/Users/gmcdowell/.m2/repository/org/xmlunit/xmlunit-core/2.5.1/xmlunit-core-2.5.1.jar:/Users/gmcdowell/.m2/repository/org/projectlombok/lombok/1.16.20/lombok-1.16.20.jar:/Users/gmcdowell/.m2/repository/com/google/guava/guava/23.0/guava-23.0.jar:/Users/gmcdowell/.m2/repository/com/google/code/findbugs/jsr305/1.3.9/jsr305-1.3.9.jar:/Users/gmcdowell/.m2/repository/com/google/errorprone/error_prone_annotations/2.0.18/error_prone_annotations-2.0.18.jar:/Users/gmcdowell/.m2/repository/com/google/j2objc/j2objc-annotations/1.1/j2objc-annotations-1.1.jar:/Users/gmcdowell/.m2/repository/org/codehaus/mojo/animal-sniffer-annotations/1.14/animal-sniffer-annotations-1.14.jar:/Users/gmcdowell/.m2/repository/com/github/tomakehurst/wiremock/2.11.0/wiremock-2.11.0.jar:/Users/gmcdowell/.m2/repository/org/eclipse/jetty/jetty-server/9.4.8.v20171121/jetty-server-9.4.8.v20171121.jar:/Users/gmcdowell/.m2/repository/javax/servlet/javax.servlet-api/3.1.0/javax.servlet-api-3.1.0.jar:/Users/gmcdowell/.m2/repository/org/eclipse/jetty/jetty-http/9.4.8.v20171121/jetty-http-9.4.8.v20171121.jar:/Users/gmcdowell/.m2/repository/org/eclipse/jetty/jetty-io/9.4.8.v20171121/jetty-io-9.4.8.v20171121.jar:/Users/gmcdowell/.m2/repository/org/eclipse/jetty/jetty-servlet/9.4.8.v20171121/jetty-servlet-9.4.8.v20171121.jar:/Users/gmcdowell/.m2/repository/org/eclipse/jetty/jetty-security/9.4.8.v20171121/jetty-security-9.4.8.v20171121.jar:/Users/gmcdowell/.m2/repository/org/eclipse/jetty/jetty-servlets/9.4.8.v20171121/jetty-servlets-9.4.8.v20171121.jar:/Users/gmcdowell/.m2/repository/org/eclipse/jetty/jetty-continuation/9.4.8.v20171121/jetty-continuation-9.4.8.v20171121.jar:/Users/gmcdowell/.m2/repository/org/eclipse/jetty/jetty-util/9.4.8.v20171121/jetty-util-9.4.8.v20171121.jar:/Users/gmcdowell/.m2/repository/org/eclipse/jetty/jetty-webapp/9.4.8.v20171121/jetty-webapp-9.4.8.v20171121.jar:/Users/gmcdowell/.m2/repository/org/eclipse/jetty/jetty-xml/9.4.8.v20171121/jetty-xml-9.4.8.v20171121.jar:/Users/gmcdowell/.m2/repository/com/fasterxml/jackson/core/jackson-core/2.9.4/jackson-core-2.9.4.jar:/Users/gmcdowell/.m2/repository/com/fasterxml/jackson/core/jackson-annotations/2.9.0/jackson-annotations-2.9.0.jar:/Users/gmcdowell/.m2/repository/com/fasterxml/jackson/core/jackson-databind/2.9.4/jackson-databind-2.9.4.jar:/Users/gmcdowell/.m2/repository/org/apache/httpcomponents/httpclient/4.5.5/httpclient-4.5.5.jar:/Users/gmcdowell/.m2/repository/org/apache/httpcomponents/httpcore/4.4.9/httpcore-4.4.9.jar:/Users/gmcdowell/.m2/repository/commons-codec/commons-codec/1.11/commons-codec-1.11.jar:/Users/gmcdowell/.m2/repository/org/xmlunit/xmlunit-legacy/2.5.1/xmlunit-legacy-2.5.1.jar:/Users/gmcdowell/.m2/repository/org/slf4j/slf4j-api/1.7.25/slf4j-api-1.7.25.jar:/Users/gmcdowell/.m2/repository/net/sf/jopt-simple/jopt-simple/5.0.3/jopt-simple-5.0.3.jar:/Users/gmcdowell/.m2/repository/org/apache/commons/commons-lang3/3.7/commons-lang3-3.7.jar:/Users/gmcdowell/.m2/repository/com/flipkart/zjsonpatch/zjsonpatch/0.3.0/zjsonpatch-0.3.0.jar:/Users/gmcdowell/.m2/repository/org/apache/commons/commons-collections4/4.1/commons-collections4-4.1.jar:/Users/gmcdowell/.m2/repository/com/github/jknack/handlebars/4.0.6/handlebars-4.0.6.jar:/Users/gmcdowell/.m2/repository/org/antlr/antlr4-runtime/4.5.1-1/antlr4-runtime-4.5.1-1.jar:/Users/gmcdowell/.m2/repository/org/codehaus/mojo/build-helper-maven-plugin/3.0.0/build-helper-maven-plugin-3.0.0.jar:/Users/gmcdowell/.m2/repository/org/apache/maven/maven-core/3.0/maven-core-3.0.jar:/Users/gmcdowell/.m2/repository/org/apache/maven/maven-model/3.0/maven-model-3.0.jar:/Users/gmcdowell/.m2/repository/org/apache/maven/maven-settings/3.0/maven-settings-3.0.jar:/Users/gmcdowell/.m2/repository/org/apache/maven/maven-settings-builder/3.0/maven-settings-builder-3.0.jar:/Users/gmcdowell/.m2/repository/org/apache/maven/maven-repository-metadata/3.0/maven-repository-metadata-3.0.jar:/Users/gmcdowell/.m2/repository/org/apache/maven/maven-artifact/3.0/maven-artifact-3.0.jar:/Users/gmcdowell/.m2/repository/org/apache/maven/maven-model-builder/3.0/maven-model-builder-3.0.jar:/Users/gmcdowell/.m2/repository/org/apache/maven/maven-aether-provider/3.0/maven-aether-provider-3.0.jar:/Users/gmcdowell/.m2/repository/org/sonatype/aether/aether-impl/1.7/aether-impl-1.7.jar:/Users/gmcdowell/.m2/repository/org/sonatype/aether/aether-spi/1.7/aether-spi-1.7.jar:/Users/gmcdowell/.m2/repository/org/sonatype/aether/aether-api/1.7/aether-api-1.7.jar:/Users/gmcdowell/.m2/repository/org/sonatype/aether/aether-util/1.7/aether-util-1.7.jar:/Users/gmcdowell/.m2/repository/org/sonatype/sisu/sisu-inject-plexus/1.4.2/sisu-inject-plexus-1.4.2.jar:/Users/gmcdowell/.m2/repository/org/sonatype/sisu/sisu-inject-bean/1.4.2/sisu-inject-bean-1.4.2.jar:/Users/gmcdowell/.m2/repository/org/sonatype/sisu/sisu-guice/2.1.7/sisu-guice-2.1.7-noaop.jar:/Users/gmcdowell/.m2/repository/org/codehaus/plexus/plexus-interpolation/1.14/plexus-interpolation-1.14.jar:/Users/gmcdowell/.m2/repository/org/codehaus/plexus/plexus-classworlds/2.2.3/plexus-classworlds-2.2.3.jar:/Users/gmcdowell/.m2/repository/org/codehaus/plexus/plexus-component-annotations/1.5.5/plexus-component-annotations-1.5.5.jar:/Users/gmcdowell/.m2/repository/org/sonatype/plexus/plexus-sec-dispatcher/1.3/plexus-sec-dispatcher-1.3.jar:/Users/gmcdowell/.m2/repository/org/sonatype/plexus/plexus-cipher/1.4/plexus-cipher-1.4.jar:/Users/gmcdowell/.m2/repository/org/apache/maven/maven-plugin-api/3.0/maven-plugin-api-3.0.jar:/Users/gmcdowell/.m2/repository/org/codehaus/plexus/plexus-utils/3.0.24/plexus-utils-3.0.24.jar:/Users/gmcdowell/.m2/repository/org/beanshell/bsh/2.0b4/bsh-2.0b4.jar:/Users/gmcdowell/.m2/repository/org/apache/maven/shared/file-management/3.0.0/file-management-3.0.0.jar:/Users/gmcdowell/.m2/repository/org/apache/maven/shared/maven-shared-io/3.0.0/maven-shared-io-3.0.0.jar:/Users/gmcdowell/.m2/repository/org/apache/maven/shared/maven-shared-utils/3.0.0/maven-shared-utils-3.0.0.jar:/Users/gmcdowell/.m2/repository/io/swagger/swagger-codegen-maven-plugin/2.1.4/swagger-codegen-maven-plugin-2.1.4.jar:/Users/gmcdowell/.m2/repository/org/apache/maven/maven-compat/3.2.5/maven-compat-3.2.5.jar:/Users/gmcdowell/.m2/repository/org/eclipse/sisu/org.eclipse.sisu.plexus/0.3.0.M1/org.eclipse.sisu.plexus-0.3.0.M1.jar:/Users/gmcdowell/.m2/repository/javax/enterprise/cdi-api/1.0/cdi-api-1.0.jar:/Users/gmcdowell/.m2/repository/javax/annotation/jsr250-api/1.0/jsr250-api-1.0.jar:/Users/gmcdowell/.m2/repository/javax/inject/javax.inject/1/javax.inject-1.jar:/Users/gmcdowell/.m2/repository/org/eclipse/sisu/org.eclipse.sisu.inject/0.3.0.M1/org.eclipse.sisu.inject-0.3.0.M1.jar:/Users/gmcdowell/.m2/repository/org/apache/maven/wagon/wagon-provider-api/2.8/wagon-provider-api-2.8.jar:/Users/gmcdowell/.m2/repository/org/apache/maven/plugin-tools/maven-plugin-annotations/3.4/maven-plugin-annotations-3.4.jar:/Users/gmcdowell/.m2/repository/io/swagger/swagger-codegen/2.1.4/swagger-codegen-2.1.4.jar:/Users/gmcdowell/.m2/repository/io/swagger/swagger-parser/1.0.11/swagger-parser-1.0.11.jar:/Users/gmcdowell/.m2/repository/io/swagger/swagger-compat-spec-parser/1.0.11/swagger-compat-spec-parser-1.0.11.jar:/Users/gmcdowell/.m2/repository/com/github/fge/json-schema-validator/2.2.3/json-schema-validator-2.2.3.jar:/Users/gmcdowell/.m2/repository/joda-time/joda-time/2.9.9/joda-time-2.9.9.jar:/Users/gmcdowell/.m2/repository/com/github/fge/json-schema-core/1.2.1/json-schema-core-1.2.1.jar:/Users/gmcdowell/.m2/repository/com/github/fge/uri-template/0.9/uri-template-0.9.jar:/Users/gmcdowell/.m2/repository/org/mozilla/rhino/1.7R4/rhino-1.7R4.jar:/Users/gmcdowell/.m2/repository/com/googlecode/libphonenumber/libphonenumber/6.0/libphonenumber-6.0.jar:/Users/gmcdowell/.m2/repository/javax/mail/mailapi/1.4.3/mailapi-1.4.3.jar:/Users/gmcdowell/.m2/repository/javax/activation/activation/1.1/activation-1.1.jar:/Users/gmcdowell/.m2/repository/com/github/fge/json-patch/1.6/json-patch-1.6.jar:/Users/gmcdowell/.m2/repository/com/github/fge/jackson-coreutils/1.6/jackson-coreutils-1.6.jar:/Users/gmcdowell/.m2/repository/com/github/fge/msg-simple/1.1/msg-simple-1.1.jar:/Users/gmcdowell/.m2/repository/com/github/fge/btf/1.2/btf-1.2.jar:/Users/gmcdowell/.m2/repository/io/swagger/swagger-core/1.5.4/swagger-core-1.5.4.jar:/Users/gmcdowell/.m2/repository/com/fasterxml/jackson/datatype/jackson-datatype-joda/2.9.4/jackson-datatype-joda-2.9.4.jar:/Users/gmcdowell/.m2/repository/com/fasterxml/jackson/dataformat/jackson-dataformat-yaml/2.9.4/jackson-dataformat-yaml-2.9.4.jar:/Users/gmcdowell/.m2/repository/io/swagger/swagger-models/1.5.4/swagger-models-1.5.4.jar:/Users/gmcdowell/.m2/repository/io/swagger/swagger-annotations/1.5.4/swagger-annotations-1.5.4.jar:/Users/gmcdowell/.m2/repository/com/samskivert/jmustache/1.14/jmustache-1.14.jar:/Users/gmcdowell/.m2/repository/commons-io/commons-io/2.3/commons-io-2.3.jar:/Users/gmcdowell/.m2/repository/org/apache/maven/maven-plugin-tools-api/2.0/maven-plugin-tools-api-2.0.jar:/Users/gmcdowell/.m2/repository/org/apache/maven/maven-project/2.0/maven-project-2.0.jar:/Users/gmcdowell/.m2/repository/org/apache/maven/maven-profile/2.0/maven-profile-2.0.jar:/Users/gmcdowell/.m2/repository/org/apache/maven/maven-plugin-descriptor/2.0/maven-plugin-descriptor-2.0.jar:/Users/gmcdowell/.m2/repository/org/apache/felix/maven-bundle-plugin/2.3.4/maven-bundle-plugin-2.3.4.jar:/Users/gmcdowell/.m2/repository/biz/aQute/bndlib/1.15.0/bndlib-1.15.0.jar:/Users/gmcdowell/.m2/repository/net/sf/kxml/kxml2/2.2.2/kxml2-2.2.2.jar:/Users/gmcdowell/.m2/repository/xmlpull/xmlpull/1.1.3.1/xmlpull-1.1.3.1.jar:/Users/gmcdowell/.m2/repository/org/apache/felix/org.apache.felix.bundlerepository/1.6.2/org.apache.felix.bundlerepository-1.6.2.jar:/Users/gmcdowell/.m2/repository/org/osgi/org.osgi.core/4.1.0/org.osgi.core-4.1.0.jar:/Users/gmcdowell/.m2/repository/org/easymock/easymock/2.4/easymock-2.4.jar:/Users/gmcdowell/.m2/repository/org/apache/felix/org.osgi.core/1.0.0/org.osgi.core-1.0.0.jar:/Users/gmcdowell/.m2/repository/org/apache/felix/org.osgi.service.obr/1.0.1/org.osgi.service.obr-1.0.1.jar:/Users/gmcdowell/.m2/repository/org/apache/maven/maven-archiver/2.2/maven-archiver-2.2.jar:/Users/gmcdowell/.m2/repository/org/apache/maven/maven-artifact-manager/2.0.7/maven-artifact-manager-2.0.7.jar:/Users/gmcdowell/.m2/repository/org/apache/maven/shared/maven-dependency-tree/1.2/maven-dependency-tree-1.2.jar:/Users/gmcdowell/.m2/repository/org/codehaus/plexus/plexus-container-default/1.0-alpha-9-stable-1/plexus-container-default-1.0-alpha-9-stable-1.jar:/Users/gmcdowell/.m2/repository/classworlds/classworlds/1.1-alpha-2/classworlds-1.1-alpha-2.jar:/Users/gmcdowell/.m2/repository/org/codehaus/plexus/plexus-archiver/1.0-alpha-7/plexus-archiver-1.0-alpha-7.jar:/Users/gmcdowell/.m2/repository/org/slf4j/slf4j-ext/1.7.25/slf4j-ext-1.7.25.jar:/Users/gmcdowell/.m2/repository/org/slf4j/slf4j-simple/1.7.25/slf4j-simple-1.7.25.jar:/Users/gmcdowell/.m2/repository/commons-lang/commons-lang/2.4/commons-lang-2.4.jar:/Users/gmcdowell/.m2/repository/commons-cli/commons-cli/1.2/commons-cli-1.2.jar:/Users/gmcdowell/.m2/repository/com/sun/jersey/jersey-client/1.19.4/jersey-client-1.19.4.jar:/Users/gmcdowell/.m2/repository/com/sun/jersey/jersey-core/1.19.4/jersey-core-1.19.4.jar:/Users/gmcdowell/.m2/repository/javax/ws/rs/jsr311-api/1.1.1/jsr311-api-1.1.1.jar:/Users/gmcdowell/.m2/repository/com/sun/jersey/contribs/jersey-multipart/1.19.4/jersey-multipart-1.19.4.jar:/Users/gmcdowell/.m2/repository/org/jvnet/mimepull/mimepull/1.9.3/mimepull-1.9.3.jar:"/>
    <property name="sun.cpu.endian" value="little"/>
    <property name="user.home" value="/Users/gmcdowell"/>
    <property name="user.language" value="en"/>
    <property name="java.specification.vendor" value="Oracle Corporation"/>
    <property name="java.home" value="/Library/Java/JavaVirtualMachines/jdk1.8.0_152.jdk/Contents/Home/jre"/>
    <property name="basedir" value="/Users/gmcdowell/sandbox/pact-example/Server_Contracts/Client"/>
    <property name="file.separator" value="/"/>
    <property name="line.separator" value="&#10;"/>
    <property name="java.vm.specification.vendor" value="Oracle Corporation"/>
    <property name="java.specification.name" value="Java Platform API Specification"/>
    <property name="java.awt.graphicsenv" value="sun.awt.CGraphicsEnvironment"/>
    <property name="surefire.real.class.path" value="/Users/gmcdowell/sandbox/pact-example/Server_Contracts/Client/target/surefire/surefirebooter8301940050812537166.jar"/>
    <property name="sun.boot.class.path" value="/Library/Java/JavaVirtualMachines/jdk1.8.0_152.jdk/Contents/Home/jre/lib/resources.jar:/Library/Java/JavaVirtualMachines/jdk1.8.0_152.jdk/Contents/Home/jre/lib/rt.jar:/Library/Java/JavaVirtualMachines/jdk1.8.0_152.jdk/Contents/Home/jre/lib/sunrsasign.jar:/Library/Java/JavaVirtualMachines/jdk1.8.0_152.jdk/Contents/Home/jre/lib/jsse.jar:/Library/Java/JavaVirtualMachines/jdk1.8.0_152.jdk/Contents/Home/jre/lib/jce.jar:/Library/Java/JavaVirtualMachines/jdk1.8.0_152.jdk/Contents/Home/jre/lib/charsets.jar:/Library/Java/JavaVirtualMachines/jdk1.8.0_152.jdk/Contents/Home/jre/lib/jfr.jar:/Library/Java/JavaVirtualMachines/jdk1.8.0_152.jdk/Contents/Home/jre/classes"/>
    <property name="sun.management.compiler" value="HotSpot 64-Bit Tiered Compilers"/>
    <property name="ftp.nonProxyHosts" value="local|*.local|169.254/16|*.169.254/16"/>
    <property name="java.runtime.version" value="1.8.0_152-b16"/>
    <property name="user.name" value="gmcdowell"/>
    <property name="path.separator" value=":"/>
    <property name="os.version" value="10.13.3"/>
    <property name="java.endorsed.dirs" value="/Library/Java/JavaVirtualMachines/jdk1.8.0_152.jdk/Contents/Home/jre/lib/endorsed"/>
    <property name="java.runtime.name" value="Java(TM) SE Runtime Environment"/>
    <property name="file.encoding" value="UTF-8"/>
    <property name="java.vm.name" value="Java HotSpot(TM) 64-Bit Server VM"/>
    <property name="localRepository" value="/Users/gmcdowell/.m2/repository"/>
    <property name="java.vendor.url.bug" value="http://bugreport.sun.com/bugreport/"/>
    <property name="java.io.tmpdir" value="/var/folders/4b/pqmvkx155jl1k361vpbsl9vrjftylf/T/"/>
    <property name="java.version" value="1.8.0_152"/>
    <property name="user.dir" value="/Users/gmcdowell/sandbox/pact-example/Server_Contracts/Client"/>
    <property name="os.arch" value="x86_64"/>
    <property name="java.vm.specification.name" value="Java Virtual Machine Specification"/>
    <property name="java.awt.printerjob" value="sun.lwawt.macosx.CPrinterJob"/>
    <property name="sun.os.patch.level" value="unknown"/>
    <property name="java.library.path" value="/Users/gmcdowell/Library/Java/Extensions:/Library/Java/Extensions:/Network/Library/Java/Extensions:/System/Library/Java/Extensions:/usr/lib/java:."/>
    <property name="java.vm.info" value="mixed mode"/>
    <property name="java.vendor" value="Oracle Corporation"/>
    <property name="java.vm.version" value="25.152-b16"/>
    <property name="java.ext.dirs" value="/Users/gmcdowell/Library/Java/Extensions:/Library/Java/JavaVirtualMachines/jdk1.8.0_152.jdk/Contents/Home/jre/lib/ext:/Library/Java/Extensions:/Network/Library/Java/Extensions:/System/Library/Java/Extensions:/usr/lib/java"/>
    <property name="sun.io.unicode.encoding" value="UnicodeBig"/>
    <property name="java.class.version" value="52.0"/>
    <property name="socksNonProxyHosts" value="local|*.local|169.254/16|*.169.254/16"/>
  </properties>
  <testcase name="testRestClient" classname="com.rapid7.example.pact.TestAnimalClient" time="1.272"/>
</testsuite>